<?xml version="1.0" encoding="UTF-8"?>
<!-- Generated by org.testng.reporters.JUnitXMLReporter -->
<testsuite ignored="0" hostname="DESKTOP-JATEGN4" failures="2" tests="4" name="Footer Validations" time="27.184" errors="0" timestamp="2025-05-09T22:01:10 IST">
  <testcase classname="org.ReginaldMen.TS_003" name="tc011_verifyFooterIsVisible" time="0.042"/>
  <testcase classname="org.ReginaldMen.TS_003" name="tc012_verifyPrivacyPolicyLink" time="0.033"/>
  <testcase classname="org.ReginaldMen.TS_003" name="tc013_verifyTermsAndConditionsLink" time="0.032">
    <failure type="java.lang.AssertionError" message="Terms &amp;amp; Conditions link check failed: no such element: Unable to locate element: {&amp;quot;method&amp;quot;:&amp;quot;link text&amp;quot;,&amp;quot;selector&amp;quot;:&amp;quot;Terms &amp;amp; Conditions&amp;quot;}
  (Session info: chrome=135.0.7049.117)
For documentation on this error, please visit: https://www.selenium.dev/documentation/webdriver/troubleshooting/errors#no-such-element-exception
Build info: version: &amp;apos;4.20.0&amp;apos;, revision: &amp;apos;866c76ca80&amp;apos;
System info: os.name: &amp;apos;Windows 11&amp;apos;, os.arch: &amp;apos;amd64&amp;apos;, os.version: &amp;apos;10.0&amp;apos;, java.version: &amp;apos;23.0.2&amp;apos;
Driver info: org.openqa.selenium.chrome.ChromeDriver
Command: [1b58bc1ffffff0b3ef3fddb233cdf96f, findElement {using=link text, value=Terms &amp;amp; Conditions}]
Capabilities {acceptInsecureCerts: false, browserName: chrome, browserVersion: 135.0.7049.117, chrome: {chromedriverVersion: 135.0.7049.84 (6c019e560019..., userDataDir: C:\Users\Siva\AppData\Local...}, fedcm:accounts: true, goog:chromeOptions: {debuggerAddress: localhost:53952}, networkConnectionEnabled: false, pageLoadStrategy: normal, platformName: windows, proxy: Proxy(), se:cdp: ws://localhost:53952/devtoo..., se:cdpVersion: 135.0.7049.117, setWindowRect: true, strictFileInteractability: false, timeouts: {implicit: 0, pageLoad: 300000, script: 30000}, unhandledPromptBehavior: dismiss and notify, webauthn:extension:credBlob: true, webauthn:extension:largeBlob: true, webauthn:extension:minPinLength: true, webauthn:extension:prf: true, webauthn:virtualAuthenticators: true}
Session ID: 1b58bc1ffffff0b3ef3fddb233cdf96f">
      <![CDATA[java.lang.AssertionError: Terms & Conditions link check failed: no such element: Unable to locate element: {"method":"link text","selector":"Terms & Conditions"}
  (Session info: chrome=135.0.7049.117)
For documentation on this error, please visit: https://www.selenium.dev/documentation/webdriver/troubleshooting/errors#no-such-element-exception
Build info: version: '4.20.0', revision: '866c76ca80'
System info: os.name: 'Windows 11', os.arch: 'amd64', os.version: '10.0', java.version: '23.0.2'
Driver info: org.openqa.selenium.chrome.ChromeDriver
Command: [1b58bc1ffffff0b3ef3fddb233cdf96f, findElement {using=link text, value=Terms & Conditions}]
Capabilities {acceptInsecureCerts: false, browserName: chrome, browserVersion: 135.0.7049.117, chrome: {chromedriverVersion: 135.0.7049.84 (6c019e560019..., userDataDir: C:\Users\Siva\AppData\Local...}, fedcm:accounts: true, goog:chromeOptions: {debuggerAddress: localhost:53952}, networkConnectionEnabled: false, pageLoadStrategy: normal, platformName: windows, proxy: Proxy(), se:cdp: ws://localhost:53952/devtoo..., se:cdpVersion: 135.0.7049.117, setWindowRect: true, strictFileInteractability: false, timeouts: {implicit: 0, pageLoad: 300000, script: 30000}, unhandledPromptBehavior: dismiss and notify, webauthn:extension:credBlob: true, webauthn:extension:largeBlob: true, webauthn:extension:minPinLength: true, webauthn:extension:prf: true, webauthn:virtualAuthenticators: true}
Session ID: 1b58bc1ffffff0b3ef3fddb233cdf96f
at org.ReginaldMen.TS_003.tc013_verifyTermsAndConditionsLink(TS_003.java:45)
at java.base/java.util.ArrayList.forEach(ArrayList.java:1597)
... Removed 26 stack frames]]>
    </failure>
  </testcase> <!-- tc013_verifyTermsAndConditionsLink -->
  <testcase classname="org.ReginaldMen.TS_003" name="tc014_verifySocialMediaIcons" time="0.032">
    <failure type="java.lang.AssertionError" message="Facebook icon is not visible. expected [true] but found [false]">
      <![CDATA[java.lang.AssertionError: Facebook icon is not visible. expected [true] but found [false]
at org.ReginaldMen.TS_003.tc014_verifySocialMediaIcons(TS_003.java:54)
at java.base/java.util.ArrayList.forEach(ArrayList.java:1597)
... Removed 28 stack frames]]>
    </failure>
  </testcase> <!-- tc014_verifySocialMediaIcons -->
</testsuite> <!-- Footer Validations -->
