<?xml version="1.0" encoding="UTF-8"?>
<!-- Generated by org.testng.reporters.JUnitXMLReporter -->
<testsuite ignored="0" hostname="DESKTOP-JATEGN4" failures="0" tests="5" name="TS_001 Home Page Validation" time="0.122" errors="0" timestamp="2025-05-09T21:25:46 IST">
  <testcase classname="org.ReginaldMen.TS_001" name="@BeforeMethod beforeMethod" time="0.049">
    <failure type="org.openqa.selenium.remote.NoSuchDriverException" message="Unable to obtain: chromedriver, error chromedriver must exist: C:\Users\Siva\eclipse-workspace\ReginaldMen\drivers\chromedriver.exe
For documentation on this error, please visit: https://www.selenium.dev/documentation/webdriver/troubleshooting/errors/driver_location/
Build info: version: &amp;apos;4.20.0&amp;apos;, revision: &amp;apos;866c76ca80&amp;apos;
System info: os.name: &amp;apos;Windows 11&amp;apos;, os.arch: &amp;apos;amd64&amp;apos;, os.version: &amp;apos;10.0&amp;apos;, java.version: &amp;apos;23.0.2&amp;apos;
Driver info: driver.version: ChromeDriver">
      <![CDATA[org.openqa.selenium.remote.NoSuchDriverException: Unable to obtain: chromedriver, error chromedriver must exist: C:\Users\Siva\eclipse-workspace\ReginaldMen\drivers\chromedriver.exe
For documentation on this error, please visit: https://www.selenium.dev/documentation/webdriver/troubleshooting/errors/driver_location/
Build info: version: '4.20.0', revision: '866c76ca80'
System info: os.name: 'Windows 11', os.arch: 'amd64', os.version: '10.0', java.version: '23.0.2'
Driver info: driver.version: ChromeDriver
at org.openqa.selenium.remote.service.DriverFinder.getBinaryPaths(DriverFinder.java:121)
at org.openqa.selenium.remote.service.DriverFinder.getDriverPath(DriverFinder.java:55)
at org.openqa.selenium.chrome.ChromeDriver.generateExecutor(ChromeDriver.java:99)
at org.openqa.selenium.chrome.ChromeDriver.<init>(ChromeDriver.java:88)
at org.openqa.selenium.chrome.ChromeDriver.<init>(ChromeDriver.java:83)
at org.openqa.selenium.chrome.ChromeDriver.<init>(ChromeDriver.java:51)
at org.ReginaldMen.BaseClass.launchBrowser(BaseClass.java:11)
at org.ReginaldMen.TS_001.beforeMethod(TS_001.java:14)
at java.base/java.util.ArrayList.forEach(ArrayList.java:1597)
Caused by: java.lang.IllegalStateException: chromedriver must exist: C:\Users\Siva\eclipse-workspace\ReginaldMen\drivers\chromedriver.exe
at org.openqa.selenium.internal.Require$FileStateChecker.isFile(Require.java:346)
at org.openqa.selenium.internal.Require$FileStateChecker.isExecutable(Require.java:368)
at org.openqa.selenium.remote.service.DriverFinder.getBinaryPaths(DriverFinder.java:118)
... 37 more
... Removed 29 stack frames]]>
    </failure>
  </testcase> <!-- @BeforeMethod beforeMethod -->
  <testcase classname="org.ReginaldMen.TS_001" name="@AfterMethod afterMethod" time="0.0">
    <skipped/>
  </testcase> <!-- @AfterMethod afterMethod -->
  <testcase classname="org.ReginaldMen.TS_001" name="@BeforeMethod beforeMethod" time="0.0">
    <skipped/>
  </testcase> <!-- @BeforeMethod beforeMethod -->
  <testcase classname="org.ReginaldMen.TS_001" name="@AfterMethod afterMethod" time="0.0">
    <skipped/>
  </testcase> <!-- @AfterMethod afterMethod -->
  <testcase classname="org.ReginaldMen.TS_001" name="@BeforeMethod beforeMethod" time="0.0">
    <skipped/>
  </testcase> <!-- @BeforeMethod beforeMethod -->
  <testcase classname="org.ReginaldMen.TS_001" name="@AfterMethod afterMethod" time="0.0">
    <skipped/>
  </testcase> <!-- @AfterMethod afterMethod -->
  <testcase classname="org.ReginaldMen.TS_001" name="@BeforeMethod beforeMethod" time="0.0">
    <skipped/>
  </testcase> <!-- @BeforeMethod beforeMethod -->
  <testcase classname="org.ReginaldMen.TS_001" name="@AfterMethod afterMethod" time="0.0">
    <skipped/>
  </testcase> <!-- @AfterMethod afterMethod -->
  <testcase classname="org.ReginaldMen.TS_001" name="@BeforeMethod beforeMethod" time="0.0">
    <skipped/>
  </testcase> <!-- @BeforeMethod beforeMethod -->
  <testcase classname="org.ReginaldMen.TS_001" name="@AfterMethod afterMethod" time="0.0">
    <skipped/>
  </testcase> <!-- @AfterMethod afterMethod -->
  <testcase classname="org.ReginaldMen.TS_001" name="tc001_verifyURL" time="0.001">
    <skipped/>
  </testcase> <!-- tc001_verifyURL -->
  <testcase classname="org.ReginaldMen.TS_001" name="tc002_verifyTitle" time="0.0">
    <skipped/>
  </testcase> <!-- tc002_verifyTitle -->
  <testcase classname="org.ReginaldMen.TS_001" name="tc003_verifyLogoPresence" time="0.0">
    <skipped/>
  </testcase> <!-- tc003_verifyLogoPresence -->
  <testcase classname="org.ReginaldMen.TS_001" name="tc004_verifySearchIcon" time="0.0">
    <skipped/>
  </testcase> <!-- tc004_verifySearchIcon -->
  <testcase classname="org.ReginaldMen.TS_001" name="tc005_verifyCartIcon" time="0.0">
    <skipped/>
  </testcase> <!-- tc005_verifyCartIcon -->
</testsuite> <!-- TS_001 Home Page Validation -->
